This file contains any messages produced by compilers while
running configure, to aid debugging if configure makes a mistake.

It was created by configure, which was
generated by GNU Autoconf 2.64.  Invocation command line was

  $ ./configure --disable-option-checking --prefix=/usr/local --with-system-zlib --program-transform-name=s,y,y, --build=armv7l-unknown-linux-gnueabi --host=armv7l-unknown-linux-gnueabi --target=armv7l-unknown-linux-gnueabi build_alias=armv7l-unknown-linux-gnueabi host_alias=armv7l-unknown-linux-gnueabi target_alias=armv7l-unknown-linux-gnueabi CC=gcc CFLAGS=-g -O2 LDFLAGS=  --cache-file=.././config.cache --srcdir=.

## --------- ##
## Platform. ##
## --------- ##

hostname = beaglebone
uname -m = armv7l
uname -r = 3.2.42-psp27
uname -s = Linux
uname -v = #2 Mon Sep 16 12:53:37 CEST 2013

/usr/bin/uname -p = unknown
/bin/uname -X     = unknown

/bin/arch              = unknown
/usr/bin/arch -k       = unknown
/usr/convex/getsysinfo = unknown
/usr/bin/hostinfo      = unknown
/bin/machine           = unknown
/usr/bin/oslevel       = unknown
/bin/universe          = unknown

PATH: /usr/local/bin
PATH: /usr/bin
PATH: /bin
PATH: /usr/local/sbin
PATH: /usr/sbin
PATH: /sbin


## ----------- ##
## Core tests. ##
## ----------- ##

configure:2075: loading cache .././config.cache
configure:2476: checking for armv7l-unknown-linux-gnueabi-gcc
configure:2503: result: gcc
configure:2772: checking for C compiler version
configure:2781: gcc --version >&5
gcc (GCC) 4.5.4 20120305 (prerelease)
Copyright (C) 2010 Free Software Foundation, Inc.
This is free software; see the source for copying conditions.  There is NO
warranty; not even for MERCHANTABILITY or FITNESS FOR A PARTICULAR PURPOSE.

configure:2792: $? = 0
configure:2781: gcc -v >&5
Using built-in specs.
COLLECT_GCC=gcc
COLLECT_LTO_WRAPPER=/usr/libexec/gcc/arm-angstrom-linux-gnueabi/4.5.4/lto-wrapper
Target: arm-angstrom-linux-gnueabi
Configured with: /home/koen/setup-scripts/build/tmp-angstrom_v2012_05-eglibc/work-shared/gcc-4.5-r49+svnr184907/gcc-4_5-branch/configure --build=x86_64-linux --host=arm-angstrom-linux-gnueabi --target=arm-angstrom-linux-gnueabi --prefix=/usr --exec_prefix=/usr --bindir=/usr/bin --sbindir=/usr/sbin --libexecdir=/usr/libexec --datadir=/usr/share --sysconfdir=/etc --sharedstatedir=/com --localstatedir=/var --libdir=/usr/lib --includedir=/usr/include --oldincludedir=/usr/include --infodir=/usr/share/info --mandir=/usr/share/man --disable-silent-rules --disable-dependency-tracking --with-libtool-sysroot=/home/koen/setup-scripts/build/tmp-angstrom_v2012_05-eglibc/sysroots/beaglebone --with-gnu-ld --enable-shared --enable-languages=c,c++ --enable-threads=posix --disable-multilib --enable-c99 --enable-long-long --enable-symvers=gnu --enable-libstdcxx-pch --program-prefix=arm-angstrom-linux-gnueabi- --enable-target-optspace --enable-lto --enable-libssp --disable-bootstrap --disable-libgomp --disable-libmudflap --with-linker-hash-style=gnu --with-ppl=no --with-cloog=no --enable-cheaders=c_global --with-local-prefix=/home/koen/setup-scripts/build/tmp-angstrom_v2012_05-eglibc/sysroots/beaglebone/usr --with-gxx-include-dir=/usr/include/c++/ --enable-nls --enable-__cxa_atexit
Thread model: posix
gcc version 4.5.4 20120305 (prerelease) (GCC) 
configure:2792: $? = 0
configure:2781: gcc -V >&5
gcc: '-V' option must have argument
configure:2792: $? = 1
configure:2781: gcc -qversion >&5
gcc: unrecognized option '-qversion'
gcc: no input files
configure:2792: $? = 1
configure:2812: checking for C compiler default output file name
configure:2834: gcc -g -O2    conftest.c  >&5
configure:2838: $? = 0
configure:2875: result: a.out
configure:2891: checking whether the C compiler works
configure:2900: ./a.out
configure:2904: $? = 0
configure:2919: result: yes
configure:2926: checking whether we are cross compiling
configure:2928: result: no
configure:2931: checking for suffix of executables
configure:2938: gcc -o conftest -g -O2    conftest.c  >&5
configure:2942: $? = 0
configure:2964: result: 
configure:2970: checking for suffix of object files
configure:3017: result: o
configure:3021: checking whether we are using the GNU C compiler
configure:3049: result: yes
configure:3058: checking whether gcc accepts -g
configure:3119: result: yes
configure:3136: checking for gcc option to accept ISO C89
configure:3213: result: none needed
configure:3260: checking build system type
configure:3274: result: armv7l-unknown-linux-gnueabi
configure:3294: checking host system type
configure:3307: result: armv7l-unknown-linux-gnueabi
configure:3327: checking target system type
configure:3340: result: armv7l-unknown-linux-gnueabi
configure:3372: checking how to run the C preprocessor
configure:3403: gcc -E  conftest.c
configure:3403: $? = 0
configure:3417: gcc -E  conftest.c
conftest.c:9:28: fatal error: ac_nonexistent.h: No such file or directory
compilation terminated.
configure:3417: $? = 1
configure: failed program was:
| /* confdefs.h */
| #define PACKAGE_NAME ""
| #define PACKAGE_TARNAME ""
| #define PACKAGE_VERSION ""
| #define PACKAGE_STRING ""
| #define PACKAGE_BUGREPORT ""
| #define PACKAGE_URL ""
| /* end confdefs.h.  */
| #include <ac_nonexistent.h>
configure:3442: result: gcc -E
configure:3462: gcc -E  conftest.c
configure:3462: $? = 0
configure:3476: gcc -E  conftest.c
conftest.c:9:28: fatal error: ac_nonexistent.h: No such file or directory
compilation terminated.
configure:3476: $? = 1
configure: failed program was:
| /* confdefs.h */
| #define PACKAGE_NAME ""
| #define PACKAGE_TARNAME ""
| #define PACKAGE_VERSION ""
| #define PACKAGE_STRING ""
| #define PACKAGE_BUGREPORT ""
| #define PACKAGE_URL ""
| /* end confdefs.h.  */
| #include <ac_nonexistent.h>
configure:3505: checking for grep that handles long lines and -e
configure:3563: result: /bin/grep
configure:3568: checking for egrep
configure:3630: result: /bin/grep -E
configure:3635: checking for ANSI C header files
configure:3655: gcc -c -g -O2  conftest.c >&5
configure:3655: $? = 0
configure:3728: gcc -o conftest -g -O2    conftest.c  >&5
configure:3728: $? = 0
configure:3728: ./conftest
configure:3728: $? = 0
configure:3739: result: yes
configure:3752: checking for sys/types.h
configure:3752: gcc -c -g -O2  conftest.c >&5
configure:3752: $? = 0
configure:3752: result: yes
configure:3752: checking for sys/stat.h
configure:3752: gcc -c -g -O2  conftest.c >&5
configure:3752: $? = 0
configure:3752: result: yes
configure:3752: checking for stdlib.h
configure:3752: gcc -c -g -O2  conftest.c >&5
configure:3752: $? = 0
configure:3752: result: yes
configure:3752: checking for string.h
configure:3752: gcc -c -g -O2  conftest.c >&5
configure:3752: $? = 0
configure:3752: result: yes
configure:3752: checking for memory.h
configure:3752: gcc -c -g -O2  conftest.c >&5
configure:3752: $? = 0
configure:3752: result: yes
configure:3752: checking for strings.h
configure:3752: gcc -c -g -O2  conftest.c >&5
configure:3752: $? = 0
configure:3752: result: yes
configure:3752: checking for inttypes.h
configure:3752: gcc -c -g -O2  conftest.c >&5
configure:3752: $? = 0
configure:3752: result: yes
configure:3752: checking for stdint.h
configure:3752: gcc -c -g -O2  conftest.c >&5
configure:3752: $? = 0
configure:3752: result: yes
configure:3752: checking for unistd.h
configure:3752: gcc -c -g -O2  conftest.c >&5
configure:3752: $? = 0
configure:3752: result: yes
configure:3766: checking minix/config.h usability
configure:3766: gcc -c -g -O2  conftest.c >&5
conftest.c:52:26: fatal error: minix/config.h: No such file or directory
compilation terminated.
configure:3766: $? = 1
configure: failed program was:
| /* confdefs.h */
| #define PACKAGE_NAME ""
| #define PACKAGE_TARNAME ""
| #define PACKAGE_VERSION ""
| #define PACKAGE_STRING ""
| #define PACKAGE_BUGREPORT ""
| #define PACKAGE_URL ""
| #define STDC_HEADERS 1
| #define HAVE_SYS_TYPES_H 1
| #define HAVE_SYS_STAT_H 1
| #define HAVE_STDLIB_H 1
| #define HAVE_STRING_H 1
| #define HAVE_MEMORY_H 1
| #define HAVE_STRINGS_H 1
| #define HAVE_INTTYPES_H 1
| #define HAVE_STDINT_H 1
| #define HAVE_UNISTD_H 1
| /* end confdefs.h.  */
| #include <stdio.h>
| #ifdef HAVE_SYS_TYPES_H
| # include <sys/types.h>
| #endif
| #ifdef HAVE_SYS_STAT_H
| # include <sys/stat.h>
| #endif
| #ifdef STDC_HEADERS
| # include <stdlib.h>
| # include <stddef.h>
| #else
| # ifdef HAVE_STDLIB_H
| #  include <stdlib.h>
| # endif
| #endif
| #ifdef HAVE_STRING_H
| # if !defined STDC_HEADERS && defined HAVE_MEMORY_H
| #  include <memory.h>
| # endif
| # include <string.h>
| #endif
| #ifdef HAVE_STRINGS_H
| # include <strings.h>
| #endif
| #ifdef HAVE_INTTYPES_H
| # include <inttypes.h>
| #endif
| #ifdef HAVE_STDINT_H
| # include <stdint.h>
| #endif
| #ifdef HAVE_UNISTD_H
| # include <unistd.h>
| #endif
| #include <minix/config.h>
configure:3766: result: no
configure:3766: checking minix/config.h presence
configure:3766: gcc -E  conftest.c
conftest.c:19:26: fatal error: minix/config.h: No such file or directory
compilation terminated.
configure:3766: $? = 1
configure: failed program was:
| /* confdefs.h */
| #define PACKAGE_NAME ""
| #define PACKAGE_TARNAME ""
| #define PACKAGE_VERSION ""
| #define PACKAGE_STRING ""
| #define PACKAGE_BUGREPORT ""
| #define PACKAGE_URL ""
| #define STDC_HEADERS 1
| #define HAVE_SYS_TYPES_H 1
| #define HAVE_SYS_STAT_H 1
| #define HAVE_STDLIB_H 1
| #define HAVE_STRING_H 1
| #define HAVE_MEMORY_H 1
| #define HAVE_STRINGS_H 1
| #define HAVE_INTTYPES_H 1
| #define HAVE_STDINT_H 1
| #define HAVE_UNISTD_H 1
| /* end confdefs.h.  */
| #include <minix/config.h>
configure:3766: result: no
configure:3766: checking for minix/config.h
configure:3766: result: no
configure:3787: checking whether it is safe to define __EXTENSIONS__
configure:3805: gcc -c -g -O2  conftest.c >&5
configure:3805: $? = 0
configure:3812: result: yes
configure:3850: checking for a BSD-compatible install
configure:3918: result: /usr/bin/install -c
configure:3965: checking for armv7l-unknown-linux-gnueabi-ranlib
configure:3992: result: ranlib
configure:4073: checking dependency style of gcc
configure:4104: trying gcc3
| depmode=gcc3 source=sub/conftest.c object=sub/conftest.o depfile=sub/conftest.Po tmpdepfile=sub/conftest.TPo /bin/sh ./depcomp gcc -c -o sub/conftest.o sub/conftest.c
configure:4143: success
configure:4158: result: gcc3
configure:4172: checking for make
configure:4199: result: make
configure:4239: checking whether NLS is requested
configure:4245: result: yes
configure:4251: checking for catalogs to be installed
configure:4283: result: 
configure:4303: checking for stdlib.h
configure:4303: result: yes
configure:4303: checking for string.h
configure:4303: result: yes
configure:4303: checking for strings.h
configure:4303: result: yes
configure:4303: checking for unistd.h
configure:4303: result: yes
configure:4303: checking time.h usability
configure:4303: gcc -c -g -O2  conftest.c >&5
configure:4303: $? = 0
configure:4303: result: yes
configure:4303: checking time.h presence
configure:4303: gcc -E  conftest.c
configure:4303: $? = 0
configure:4303: result: yes
configure:4303: checking for time.h
configure:4303: result: yes
configure:4317: checking sys/time.h usability
configure:4317: gcc -c -g -O2  conftest.c >&5
configure:4317: $? = 0
configure:4317: result: yes
configure:4317: checking sys/time.h presence
configure:4317: gcc -E  conftest.c
configure:4317: $? = 0
configure:4317: result: yes
configure:4317: checking for sys/time.h
configure:4317: result: yes
configure:4317: checking sys/resource.h usability
configure:4317: gcc -c -g -O2  conftest.c >&5
configure:4317: $? = 0
configure:4317: result: yes
configure:4317: checking sys/resource.h presence
configure:4317: gcc -E  conftest.c
configure:4317: $? = 0
configure:4317: result: yes
configure:4317: checking for sys/resource.h
configure:4317: result: yes
configure:4331: checking fcntl.h usability
configure:4331: gcc -c -g -O2  conftest.c >&5
configure:4331: $? = 0
configure:4331: result: yes
configure:4331: checking fcntl.h presence
configure:4331: gcc -E  conftest.c
configure:4331: $? = 0
configure:4331: result: yes
configure:4331: checking for fcntl.h
configure:4331: result: yes
configure:4331: checking fpu_control.h usability
configure:4331: gcc -c -g -O2  conftest.c >&5
configure:4331: $? = 0
configure:4331: result: yes
configure:4331: checking fpu_control.h presence
configure:4331: gcc -E  conftest.c
configure:4331: $? = 0
configure:4331: result: yes
configure:4331: checking for fpu_control.h
configure:4331: result: yes
configure:4345: checking dlfcn.h usability
configure:4345: gcc -c -g -O2  conftest.c >&5
configure:4345: $? = 0
configure:4345: result: yes
configure:4345: checking dlfcn.h presence
configure:4345: gcc -E  conftest.c
configure:4345: $? = 0
configure:4345: result: yes
configure:4345: checking for dlfcn.h
configure:4345: result: yes
configure:4345: checking errno.h usability
configure:4345: gcc -c -g -O2  conftest.c >&5
configure:4345: $? = 0
configure:4345: result: yes
configure:4345: checking errno.h presence
configure:4345: gcc -E  conftest.c
configure:4345: $? = 0
configure:4345: result: yes
configure:4345: checking for errno.h
configure:4345: result: yes
configure:4345: checking for sys/stat.h
configure:4345: result: yes
configure:4359: checking for getrusage
configure:4359: gcc -o conftest -g -O2    conftest.c  >&5
configure:4359: $? = 0
configure:4359: result: yes
configure:4359: checking for time
configure:4359: gcc -o conftest -g -O2    conftest.c  >&5
configure:4359: $? = 0
configure:4359: result: yes
configure:4359: checking for sigaction
configure:4359: gcc -o conftest -g -O2    conftest.c  >&5
configure:4359: $? = 0
configure:4359: result: yes
configure:4359: checking for __setfpucw
configure:4359: gcc -o conftest -g -O2    conftest.c  >&5
/tmp/ccSVmijy.o: In function `main':
/home/root/gdb_source/gdb-7.4/gdb-7.4.91/sim/arm/conftest.c:75: undefined reference to `__setfpucw'
collect2: ld returned 1 exit status
configure:4359: $? = 1
configure: failed program was:
| /* confdefs.h */
| #define PACKAGE_NAME ""
| #define PACKAGE_TARNAME ""
| #define PACKAGE_VERSION ""
| #define PACKAGE_STRING ""
| #define PACKAGE_BUGREPORT ""
| #define PACKAGE_URL ""
| #define STDC_HEADERS 1
| #define HAVE_SYS_TYPES_H 1
| #define HAVE_SYS_STAT_H 1
| #define HAVE_STDLIB_H 1
| #define HAVE_STRING_H 1
| #define HAVE_MEMORY_H 1
| #define HAVE_STRINGS_H 1
| #define HAVE_INTTYPES_H 1
| #define HAVE_STDINT_H 1
| #define HAVE_UNISTD_H 1
| #define __EXTENSIONS__ 1
| #define _ALL_SOURCE 1
| #define _GNU_SOURCE 1
| #define _POSIX_PTHREAD_SEMANTICS 1
| #define _TANDEM_SOURCE 1
| #define PACKAGE "sim"
| #define ENABLE_NLS 1
| #define HAVE_STDLIB_H 1
| #define HAVE_STRING_H 1
| #define HAVE_STRINGS_H 1
| #define HAVE_UNISTD_H 1
| #define HAVE_TIME_H 1
| #define HAVE_SYS_TIME_H 1
| #define HAVE_SYS_RESOURCE_H 1
| #define HAVE_FCNTL_H 1
| #define HAVE_FPU_CONTROL_H 1
| #define HAVE_DLFCN_H 1
| #define HAVE_ERRNO_H 1
| #define HAVE_SYS_STAT_H 1
| #define HAVE_GETRUSAGE 1
| #define HAVE_TIME 1
| #define HAVE_SIGACTION 1
| /* end confdefs.h.  */
| /* Define __setfpucw to an innocuous variant, in case <limits.h> declares __setfpucw.
|    For example, HP-UX 11i <limits.h> declares gettimeofday.  */
| #define __setfpucw innocuous___setfpucw
| 
| /* System header to define __stub macros and hopefully few prototypes,
|     which can conflict with char __setfpucw (); below.
|     Prefer <limits.h> to <assert.h> if __STDC__ is defined, since
|     <limits.h> exists even on freestanding compilers.  */
| 
| #ifdef __STDC__
| # include <limits.h>
| #else
| # include <assert.h>
| #endif
| 
| #undef __setfpucw
| 
| /* Override any GCC internal prototype to avoid an error.
|    Use char because int might match the return type of a GCC
|    builtin and then its argument prototype would still apply.  */
| #ifdef __cplusplus
| extern "C"
| #endif
| char __setfpucw ();
| /* The GNU C library defines this for functions which it implements
|     to always fail with ENOSYS.  Some functions are actually named
|     something starting with __ and the normal name is an alias.  */
| #if defined __stub___setfpucw || defined __stub_____setfpucw
| choke me
| #endif
| 
| int
| main ()
| {
| return __setfpucw ();
|   ;
|   return 0;
| }
configure:4359: result: no
configure:4371: checking for bind in -lsocket
configure:4396: gcc -o conftest -g -O2    conftest.c -lsocket   >&5
/usr/lib/gcc/arm-angstrom-linux-gnueabi/4.5.4/../../../../arm-angstrom-linux-gnueabi/bin/ld: cannot find -lsocket
collect2: ld returned 1 exit status
configure:4396: $? = 1
configure: failed program was:
| /* confdefs.h */
| #define PACKAGE_NAME ""
| #define PACKAGE_TARNAME ""
| #define PACKAGE_VERSION ""
| #define PACKAGE_STRING ""
| #define PACKAGE_BUGREPORT ""
| #define PACKAGE_URL ""
| #define STDC_HEADERS 1
| #define HAVE_SYS_TYPES_H 1
| #define HAVE_SYS_STAT_H 1
| #define HAVE_STDLIB_H 1
| #define HAVE_STRING_H 1
| #define HAVE_MEMORY_H 1
| #define HAVE_STRINGS_H 1
| #define HAVE_INTTYPES_H 1
| #define HAVE_STDINT_H 1
| #define HAVE_UNISTD_H 1
| #define __EXTENSIONS__ 1
| #define _ALL_SOURCE 1
| #define _GNU_SOURCE 1
| #define _POSIX_PTHREAD_SEMANTICS 1
| #define _TANDEM_SOURCE 1
| #define PACKAGE "sim"
| #define ENABLE_NLS 1
| #define HAVE_STDLIB_H 1
| #define HAVE_STRING_H 1
| #define HAVE_STRINGS_H 1
| #define HAVE_UNISTD_H 1
| #define HAVE_TIME_H 1
| #define HAVE_SYS_TIME_H 1
| #define HAVE_SYS_RESOURCE_H 1
| #define HAVE_FCNTL_H 1
| #define HAVE_FPU_CONTROL_H 1
| #define HAVE_DLFCN_H 1
| #define HAVE_ERRNO_H 1
| #define HAVE_SYS_STAT_H 1
| #define HAVE_GETRUSAGE 1
| #define HAVE_TIME 1
| #define HAVE_SIGACTION 1
| /* end confdefs.h.  */
| 
| /* Override any GCC internal prototype to avoid an error.
|    Use char because int might match the return type of a GCC
|    builtin and then its argument prototype would still apply.  */
| #ifdef __cplusplus
| extern "C"
| #endif
| char bind ();
| int
| main ()
| {
| return bind ();
|   ;
|   return 0;
| }
configure:4405: result: no
configure:4416: checking for gethostbyname in -lnsl
configure:4441: gcc -o conftest -g -O2    conftest.c -lnsl   >&5
configure:4441: $? = 0
configure:4450: result: yes
configure:4476: checking for library containing zlibVersion
configure:4507: gcc -o conftest -g -O2    conftest.c -lnsl  >&5
/tmp/ccARy8Lm.o: In function `main':
/home/root/gdb_source/gdb-7.4/gdb-7.4.91/sim/arm/conftest.c:53: undefined reference to `zlibVersion'
collect2: ld returned 1 exit status
configure:4507: $? = 1
configure: failed program was:
| /* confdefs.h */
| #define PACKAGE_NAME ""
| #define PACKAGE_TARNAME ""
| #define PACKAGE_VERSION ""
| #define PACKAGE_STRING ""
| #define PACKAGE_BUGREPORT ""
| #define PACKAGE_URL ""
| #define STDC_HEADERS 1
| #define HAVE_SYS_TYPES_H 1
| #define HAVE_SYS_STAT_H 1
| #define HAVE_STDLIB_H 1
| #define HAVE_STRING_H 1
| #define HAVE_MEMORY_H 1
| #define HAVE_STRINGS_H 1
| #define HAVE_INTTYPES_H 1
| #define HAVE_STDINT_H 1
| #define HAVE_UNISTD_H 1
| #define __EXTENSIONS__ 1
| #define _ALL_SOURCE 1
| #define _GNU_SOURCE 1
| #define _POSIX_PTHREAD_SEMANTICS 1
| #define _TANDEM_SOURCE 1
| #define PACKAGE "sim"
| #define ENABLE_NLS 1
| #define HAVE_STDLIB_H 1
| #define HAVE_STRING_H 1
| #define HAVE_STRINGS_H 1
| #define HAVE_UNISTD_H 1
| #define HAVE_TIME_H 1
| #define HAVE_SYS_TIME_H 1
| #define HAVE_SYS_RESOURCE_H 1
| #define HAVE_FCNTL_H 1
| #define HAVE_FPU_CONTROL_H 1
| #define HAVE_DLFCN_H 1
| #define HAVE_ERRNO_H 1
| #define HAVE_SYS_STAT_H 1
| #define HAVE_GETRUSAGE 1
| #define HAVE_TIME 1
| #define HAVE_SIGACTION 1
| #define HAVE_LIBNSL 1
| /* end confdefs.h.  */
| 
| /* Override any GCC internal prototype to avoid an error.
|    Use char because int might match the return type of a GCC
|    builtin and then its argument prototype would still apply.  */
| #ifdef __cplusplus
| extern "C"
| #endif
| char zlibVersion ();
| int
| main ()
| {
| return zlibVersion ();
|   ;
|   return 0;
| }
configure:4507: gcc -o conftest -g -O2    conftest.c -lz  -lnsl  >&5
configure:4507: $? = 0
configure:4524: result: -lz
configure:4531: checking zlib.h usability
configure:4531: gcc -c -g -O2  conftest.c >&5
configure:4531: $? = 0
configure:4531: result: yes
configure:4531: checking zlib.h presence
configure:4531: gcc -E  conftest.c
configure:4531: $? = 0
configure:4531: result: yes
configure:4531: checking for zlib.h
configure:4531: result: yes
configure:4744: checking return type of signal handlers
configure:4762: gcc -c -g -O2  conftest.c >&5
conftest.c: In function 'main':
conftest.c:51:1: error: void value not ignored as it ought to be
configure:4762: $? = 1
configure: failed program was:
| /* confdefs.h */
| #define PACKAGE_NAME ""
| #define PACKAGE_TARNAME ""
| #define PACKAGE_VERSION ""
| #define PACKAGE_STRING ""
| #define PACKAGE_BUGREPORT ""
| #define PACKAGE_URL ""
| #define STDC_HEADERS 1
| #define HAVE_SYS_TYPES_H 1
| #define HAVE_SYS_STAT_H 1
| #define HAVE_STDLIB_H 1
| #define HAVE_STRING_H 1
| #define HAVE_MEMORY_H 1
| #define HAVE_STRINGS_H 1
| #define HAVE_INTTYPES_H 1
| #define HAVE_STDINT_H 1
| #define HAVE_UNISTD_H 1
| #define __EXTENSIONS__ 1
| #define _ALL_SOURCE 1
| #define _GNU_SOURCE 1
| #define _POSIX_PTHREAD_SEMANTICS 1
| #define _TANDEM_SOURCE 1
| #define PACKAGE "sim"
| #define ENABLE_NLS 1
| #define HAVE_STDLIB_H 1
| #define HAVE_STRING_H 1
| #define HAVE_STRINGS_H 1
| #define HAVE_UNISTD_H 1
| #define HAVE_TIME_H 1
| #define HAVE_SYS_TIME_H 1
| #define HAVE_SYS_RESOURCE_H 1
| #define HAVE_FCNTL_H 1
| #define HAVE_FPU_CONTROL_H 1
| #define HAVE_DLFCN_H 1
| #define HAVE_ERRNO_H 1
| #define HAVE_SYS_STAT_H 1
| #define HAVE_GETRUSAGE 1
| #define HAVE_TIME 1
| #define HAVE_SIGACTION 1
| #define HAVE_LIBNSL 1
| #define HAVE_ZLIB_H 1
| #define PKGVERSION "(GDB) "
| #define REPORT_BUGS_TO "<http://www.gnu.org/software/gdb/bugs/>"
| /* end confdefs.h.  */
| #include <sys/types.h>
| #include <signal.h>
| 
| int
| main ()
| {
| return *(signal (0, 0)) (0) == 1;
|   ;
|   return 0;
| }
configure:4769: result: void
configure:4803: checking for unistd.h
configure:4803: result: yes
configure:4803: checking for stdint.h
configure:4803: result: yes
configure:4909: updating cache .././config.cache
configure:4950: creating ./config.status

## ---------------------- ##
## Running config.status. ##
## ---------------------- ##

This file was extended by config.status, which was
generated by GNU Autoconf 2.64.  Invocation command line was

  CONFIG_FILES    = 
  CONFIG_HEADERS  = 
  CONFIG_LINKS    = 
  CONFIG_COMMANDS = 
  $ ./config.status 

on beaglebone

config.status:918: creating Makefile.sim
config.status:918: creating Make-common.sim
config.status:918: creating .gdbinit
config.status:918: creating config.h
config.status:1110: linking tconfig.in to tconfig.h
config.status:1110: linking ../common/nltvals.def to targ-vals.def
config.status:1129: executing depdir commands
config.status:1129: executing Makefile commands
config.status:1129: executing stamp-h commands

## ---------------- ##
## Cache variables. ##
## ---------------- ##

ac_cv_build=armv7l-unknown-linux-gnueabi
ac_cv_c_compiler_gnu=yes
ac_cv_env_CC_set=set
ac_cv_env_CC_value=gcc
ac_cv_env_CFLAGS_set=set
ac_cv_env_CFLAGS_value='-g -O2'
ac_cv_env_CPPFLAGS_set=
ac_cv_env_CPPFLAGS_value=
ac_cv_env_CPP_set=
ac_cv_env_CPP_value=
ac_cv_env_LDFLAGS_set=set
ac_cv_env_LDFLAGS_value=' '
ac_cv_env_LIBS_set=
ac_cv_env_LIBS_value=
ac_cv_env_build_alias_set=set
ac_cv_env_build_alias_value=armv7l-unknown-linux-gnueabi
ac_cv_env_host_alias_set=set
ac_cv_env_host_alias_value=armv7l-unknown-linux-gnueabi
ac_cv_env_target_alias_set=set
ac_cv_env_target_alias_value=armv7l-unknown-linux-gnueabi
ac_cv_func___setfpucw=no
ac_cv_func_getrusage=yes
ac_cv_func_sigaction=yes
ac_cv_func_time=yes
ac_cv_header_dlfcn_h=yes
ac_cv_header_errno_h=yes
ac_cv_header_fcntl_h=yes
ac_cv_header_fpu_control_h=yes
ac_cv_header_inttypes_h=yes
ac_cv_header_memory_h=yes
ac_cv_header_minix_config_h=no
ac_cv_header_stdc=yes
ac_cv_header_stdint_h=yes
ac_cv_header_stdlib_h=yes
ac_cv_header_string_h=yes
ac_cv_header_strings_h=yes
ac_cv_header_sys_resource_h=yes
ac_cv_header_sys_stat_h=yes
ac_cv_header_sys_time_h=yes
ac_cv_header_sys_types_h=yes
ac_cv_header_time_h=yes
ac_cv_header_unistd_h=yes
ac_cv_header_zlib_h=yes
ac_cv_host=armv7l-unknown-linux-gnueabi
ac_cv_lib_nsl_gethostbyname=yes
ac_cv_lib_socket_bind=no
ac_cv_objext=o
ac_cv_path_EGREP='/bin/grep -E'
ac_cv_path_GREP=/bin/grep
ac_cv_prog_AR=ar
ac_cv_prog_CC=gcc
ac_cv_prog_CPP='gcc -E'
ac_cv_prog_MAKE=make
ac_cv_prog_RANLIB=ranlib
ac_cv_prog_cc_c89=
ac_cv_prog_cc_g=yes
ac_cv_safe_to_define___extensions__=yes
ac_cv_search_zlibVersion=-lz
ac_cv_target=armv7l-unknown-linux-gnueabi
ac_cv_type_signal=void
am_cv_CC_dependencies_compiler_type=gcc3

## ----------------- ##
## Output variables. ##
## ----------------- ##

AR='ar'
CATALOGS=''
CATOBJEXT='.gmo'
CC='gcc'
CCDEPMODE='depmode=gcc3'
CC_FOR_BUILD='$(CC)'
CFLAGS='-g -O2'
COPRO='armcopro.o maverick.o iwmmxt.o'
CPP='gcc -E'
CPPFLAGS=''
DATADIRNAME='share'
DEFS='-DHAVE_CONFIG_H'
DEPDIR='.deps'
ECHO_C=''
ECHO_N='-n'
ECHO_T=''
EGREP='/bin/grep -E'
EXEEXT=''
GENCAT='gencat'
GMAKE_FALSE='#'
GMAKE_TRUE=''
GMSGFMT=':'
GREP='/bin/grep'
HDEFINES=''
INCINTL=''
INSTALL_DATA='/usr/bin/install -c -m 644'
INSTALL_PROGRAM='/usr/bin/install -c'
INSTALL_SCRIPT='/usr/bin/install -c'
INSTOBJEXT='.mo'
LDFLAGS=' '
LIBINTL=''
LIBINTL_DEP=''
LIBOBJS=''
LIBS='-lz -lnsl '
LTLIBOBJS=''
MAINT='#'
MAKE='make'
OBJEXT='o'
PACKAGE='sim'
PACKAGE_BUGREPORT=''
PACKAGE_NAME=''
PACKAGE_STRING=''
PACKAGE_TARNAME=''
PACKAGE_URL=''
PACKAGE_VERSION=''
PATH_SEPARATOR=':'
PKGVERSION='(GDB) '
POSUB='po'
RANLIB='ranlib'
REPORT_BUGS_TEXI='@uref{http://www.gnu.org/software/gdb/bugs/}'
REPORT_BUGS_TO='<http://www.gnu.org/software/gdb/bugs/>'
SHELL='/bin/sh'
USE_NLS='yes'
WARN_CFLAGS=''
WERROR_CFLAGS=''
XGETTEXT=':'
ac_ct_CC=''
am__leading_dot='.'
bindir='${exec_prefix}/bin'
build='armv7l-unknown-linux-gnueabi'
build_alias='armv7l-unknown-linux-gnueabi'
build_cpu='armv7l'
build_os='linux-gnueabi'
build_vendor='unknown'
cgen_breaks=''
datadir='${datarootdir}'
datarootdir='${prefix}/share'
docdir='${datarootdir}/doc/${PACKAGE}'
dvidir='${docdir}'
exec_prefix='${prefix}'
host='armv7l-unknown-linux-gnueabi'
host_alias='armv7l-unknown-linux-gnueabi'
host_cpu='armv7l'
host_os='linux-gnueabi'
host_vendor='unknown'
htmldir='${docdir}'
includedir='${prefix}/include'
infodir='${datarootdir}/info'
libdir='${exec_prefix}/lib'
libexecdir='${exec_prefix}/libexec'
localedir='${datarootdir}/locale'
localstatedir='${prefix}/var'
mandir='${datarootdir}/man'
oldincludedir='/usr/include'
pdfdir='${docdir}'
prefix='/usr/local'
program_transform_name='s,y,y,'
psdir='${docdir}'
sbindir='${exec_prefix}/sbin'
sharedstatedir='${prefix}/com'
sim_alignment=''
sim_assert=''
sim_bitsize=''
sim_bswap=''
sim_cflags=''
sim_debug=''
sim_default_model=''
sim_endian=''
sim_environment=''
sim_float=''
sim_hostendian=''
sim_hw=''
sim_hw_cflags=''
sim_hw_objs=''
sim_inline='-DDEFAULT_INLINE=0'
sim_packages=''
sim_profile='-DPROFILE=1 -DWITH_PROFILE=-1'
sim_regparm=''
sim_reserved_bits=''
sim_scache=''
sim_smp=''
sim_stdcall=''
sim_stdio=''
sim_trace=''
sim_xor_endian=''
sysconfdir='${prefix}/etc'
target='armv7l-unknown-linux-gnueabi'
target_alias='armv7l-unknown-linux-gnueabi'
target_cpu='armv7l'
target_os='linux-gnueabi'
target_vendor='unknown'

## ----------- ##
## confdefs.h. ##
## ----------- ##

/* confdefs.h */
#define PACKAGE_NAME ""
#define PACKAGE_TARNAME ""
#define PACKAGE_VERSION ""
#define PACKAGE_STRING ""
#define PACKAGE_BUGREPORT ""
#define PACKAGE_URL ""
#define STDC_HEADERS 1
#define HAVE_SYS_TYPES_H 1
#define HAVE_SYS_STAT_H 1
#define HAVE_STDLIB_H 1
#define HAVE_STRING_H 1
#define HAVE_MEMORY_H 1
#define HAVE_STRINGS_H 1
#define HAVE_INTTYPES_H 1
#define HAVE_STDINT_H 1
#define HAVE_UNISTD_H 1
#define __EXTENSIONS__ 1
#define _ALL_SOURCE 1
#define _GNU_SOURCE 1
#define _POSIX_PTHREAD_SEMANTICS 1
#define _TANDEM_SOURCE 1
#define PACKAGE "sim"
#define ENABLE_NLS 1
#define HAVE_STDLIB_H 1
#define HAVE_STRING_H 1
#define HAVE_STRINGS_H 1
#define HAVE_UNISTD_H 1
#define HAVE_TIME_H 1
#define HAVE_SYS_TIME_H 1
#define HAVE_SYS_RESOURCE_H 1
#define HAVE_FCNTL_H 1
#define HAVE_FPU_CONTROL_H 1
#define HAVE_DLFCN_H 1
#define HAVE_ERRNO_H 1
#define HAVE_SYS_STAT_H 1
#define HAVE_GETRUSAGE 1
#define HAVE_TIME 1
#define HAVE_SIGACTION 1
#define HAVE_LIBNSL 1
#define HAVE_ZLIB_H 1
#define PKGVERSION "(GDB) "
#define REPORT_BUGS_TO "<http://www.gnu.org/software/gdb/bugs/>"
#define RETSIGTYPE void
#define HAVE_UNISTD_H 1
#define HAVE_STDINT_H 1

configure: exit 0
